<?xml version="1.0" encoding="UTF-8"?>
<!-- Generated by org.testng.reporters.JUnitReportReporter -->
<testsuite skipped="6" hostname="TP4VDITR-TCS019" name="tr.findlaw.tests.Sprint_12" tests="7" failures="0" timestamp="13 Apr 2018 10:01:07 GMT" time="1246.531" errors="0">
  <testcase name="soc_4532" time="1246.531" classname="tr.findlaw.tests.Sprint_12"/>
  <testcase name="soc_4534" classname="tr.findlaw.tests.Sprint_12">
    <skipped/>
  </testcase> <!-- soc_4534 -->
  <testcase name="soc_5457" classname="tr.findlaw.tests.Sprint_12">
    <skipped/>
  </testcase> <!-- soc_5457 -->
  <testcase name="SOC_4531" classname="tr.findlaw.tests.Sprint_12">
    <skipped/>
  </testcase> <!-- SOC_4531 -->
  <testcase name="soc_4530" classname="tr.findlaw.tests.Sprint_12">
    <skipped/>
  </testcase> <!-- soc_4530 -->
  <testcase name="soc_4524" classname="tr.findlaw.tests.Sprint_12">
    <skipped/>
  </testcase> <!-- soc_4524 -->
  <testcase name="SOC_4528" classname="tr.findlaw.tests.Sprint_12">
    <skipped/>
  </testcase> <!-- SOC_4528 -->
</testsuite> <!-- tr.findlaw.tests.Sprint_12 -->
