<?xml version="1.0" encoding="UTF-8"?>
<!-- Generated by org.testng.reporters.JUnitReportReporter -->
<testsuite skipped="3" hostname="TP4VDITR-TCS019" name="tr.findlaw.tests.Sprint_17" tests="4" failures="0" timestamp="26 Apr 2018 13:31:52 GMT" time="573.807" errors="0">
  <testcase name="soc_6201" time="573.807" classname="tr.findlaw.tests.Sprint_17"/>
  <testcase name="SOC_4555" classname="tr.findlaw.tests.Sprint_17">
    <skipped/>
  </testcase> <!-- SOC_4555 -->
  <testcase name="soc_6122" classname="tr.findlaw.tests.Sprint_17">
    <skipped/>
  </testcase> <!-- soc_6122 -->
  <testcase name="soc_6011" classname="tr.findlaw.tests.Sprint_17">
    <skipped/>
  </testcase> <!-- soc_6011 -->
</testsuite> <!-- tr.findlaw.tests.Sprint_17 -->
