<?xml version="1.0" encoding="UTF-8"?>
<!-- Generated by org.testng.reporters.JUnitReportReporter -->
<testsuite skipped="0" hostname="TP4VDITR-TCS019" name="tr.findlaw.tests.Sprint_10" tests="2" failures="0" timestamp="03 Apr 2018 11:48:41 GMT" time="1470.888" errors="0">
  <testcase name="soc_4705" time="221.896" classname="tr.findlaw.tests.Sprint_10"/>
  <testcase name="soc_5176" time="1248.992" classname="tr.findlaw.tests.Sprint_10"/>
</testsuite> <!-- tr.findlaw.tests.Sprint_10 -->
