<?xml version="1.0" encoding="UTF-8"?>
<!-- Generated by org.testng.reporters.JUnitReportReporter -->
<testsuite skipped="2" hostname="TP4VDITR-TCS019" name="tr.findlaw.tests.Sprint_16" tests="2" failures="0" timestamp="30 Apr 2018 07:29:34 GMT" time="0.000" errors="0">
  <testcase name="soc_4558" time="0.000" classname="tr.findlaw.tests.Sprint_16">
    <skipped/>
  </testcase> <!-- soc_4558 -->
  <testcase name="soc_6057_Order" time="0.000" classname="tr.findlaw.tests.Sprint_16">
    <skipped/>
  </testcase> <!-- soc_6057_Order -->
</testsuite> <!-- tr.findlaw.tests.Sprint_16 -->
