<?xml version="1.0" encoding="UTF-8"?>
<!-- Generated by org.testng.reporters.JUnitReportReporter -->
<testsuite skipped="1" hostname="TP4VDITR-TCS019" name="tr.findlaw.tests.Sprint_7" tests="2" failures="0" timestamp="20 Apr 2018 07:21:49 GMT" time="1792.889" errors="0">
  <testcase name="soc_4348_New" time="1792.889" classname="tr.findlaw.tests.Sprint_7"/>
  <testcase name="soc_4348_RenewIM" classname="tr.findlaw.tests.Sprint_7">
    <skipped/>
  </testcase> <!-- soc_4348_RenewIM -->
</testsuite> <!-- tr.findlaw.tests.Sprint_7 -->
