<?xml version="1.0" encoding="UTF-8"?>
<!-- Generated by org.testng.reporters.JUnitReportReporter -->
<testsuite skipped="1" hostname="TP4VDITR-TCS019" name="tr.findlaw.tests.Sprint_19" tests="2" failures="0" timestamp="07 May 2018 13:53:29 GMT" time="1449.081" errors="0">
  <testcase name="soc_4570" time="1449.081" classname="tr.findlaw.tests.Sprint_19"/>
  <testcase name="soc_4571" classname="tr.findlaw.tests.Sprint_19">
    <skipped/>
  </testcase> <!-- soc_4571 -->
</testsuite> <!-- tr.findlaw.tests.Sprint_19 -->
