<?xml version="1.0" encoding="UTF-8"?>
<!-- Generated by org.testng.reporters.JUnitReportReporter -->
<testsuite skipped="4" hostname="TP4VDITR-TCS019" name="tr.findlaw.tests.Sprint_23" tests="5" failures="0" timestamp="21 May 2018 10:35:47 GMT" time="121.372" errors="0">
  <testcase name="soc_7056" time="121.372" classname="tr.findlaw.tests.Sprint_23"/>
  <testcase name="soc_7085" classname="tr.findlaw.tests.Sprint_23">
    <skipped/>
  </testcase> <!-- soc_7085 -->
  <testcase name="soc_7084" classname="tr.findlaw.tests.Sprint_23">
    <skipped/>
  </testcase> <!-- soc_7084 -->
  <testcase name="soc_6897" classname="tr.findlaw.tests.Sprint_23">
    <skipped/>
  </testcase> <!-- soc_6897 -->
  <testcase name="soc_7116" classname="tr.findlaw.tests.Sprint_23">
    <skipped/>
  </testcase> <!-- soc_7116 -->
</testsuite> <!-- tr.findlaw.tests.Sprint_23 -->
