<?xml version="1.0" encoding="UTF-8"?>
<!-- Generated by org.testng.reporters.JUnitReportReporter -->
<testsuite skipped="2" hostname="TP4VDITR-TCS019" name="tr.findlaw.tests.Sprint_22" tests="3" failures="0" timestamp="16 May 2018 11:38:58 GMT" time="661.563" errors="0">
  <testcase name="soc_6627" time="661.563" classname="tr.findlaw.tests.Sprint_22"/>
  <testcase name="soc_6687" classname="tr.findlaw.tests.Sprint_22">
    <skipped/>
  </testcase> <!-- soc_6687 -->
  <testcase name="soc_6752" classname="tr.findlaw.tests.Sprint_22">
    <skipped/>
  </testcase> <!-- soc_6752 -->
</testsuite> <!-- tr.findlaw.tests.Sprint_22 -->
