<?xml version="1.0" encoding="UTF-8"?>
<!-- Generated by org.testng.reporters.JUnitReportReporter -->
<testsuite skipped="6" hostname="TP4VDITR-TCS019" name="tr.findlaw.tests.Sprint_21" tests="7" failures="0" timestamp="15 May 2018 10:46:11 GMT" time="662.090" errors="0">
  <testcase name="soc_6778" time="662.090" classname="tr.findlaw.tests.Sprint_21"/>
  <testcase name="soc_6366" classname="tr.findlaw.tests.Sprint_21">
    <skipped/>
  </testcase> <!-- soc_6366 -->
  <testcase name="soc_6861" classname="tr.findlaw.tests.Sprint_21">
    <skipped/>
  </testcase> <!-- soc_6861 -->
  <testcase name="soc_6605" classname="tr.findlaw.tests.Sprint_21">
    <skipped/>
  </testcase> <!-- soc_6605 -->
  <testcase name="soc_6817" classname="tr.findlaw.tests.Sprint_21">
    <skipped/>
  </testcase> <!-- soc_6817 -->
  <testcase name="soc_6035" classname="tr.findlaw.tests.Sprint_21">
    <skipped/>
  </testcase> <!-- soc_6035 -->
  <testcase name="soc_6761" classname="tr.findlaw.tests.Sprint_21">
    <skipped/>
  </testcase> <!-- soc_6761 -->
</testsuite> <!-- tr.findlaw.tests.Sprint_21 -->
