<?xml version="1.0" encoding="UTF-8"?>
<!-- Generated by org.testng.reporters.JUnitReportReporter -->
<testsuite skipped="1" hostname="TP4VDITR-TCS019" name="tr.findlaw.tests.Sprint_20" tests="2" failures="0" timestamp="09 May 2018 08:15:16 GMT" time="1405.655" errors="0">
  <testcase name="soc_6152" time="1405.655" classname="tr.findlaw.tests.Sprint_20"/>
  <testcase name="soc_6442" classname="tr.findlaw.tests.Sprint_20">
    <skipped/>
  </testcase> <!-- soc_6442 -->
</testsuite> <!-- tr.findlaw.tests.Sprint_20 -->
