<?xml version="1.0" encoding="UTF-8"?>
<!-- Generated by org.testng.reporters.JUnitReportReporter -->
<testsuite skipped="3" hostname="TP4VDITR-TCS019" name="tr.findlaw.tests.SAP_Scenarios" tests="4" failures="0" timestamp="09 Jan 2018 11:43:50 GMT" time="9.096" errors="0">
  <testcase name="Practical" time="9.096" classname="tr.findlaw.tests.SAP_Scenarios"/>
  <testcase name="SOC_5389" classname="tr.findlaw.tests.SAP_Scenarios">
    <skipped/>
  </testcase> <!-- SOC_5389 -->
  <testcase name="SOC_4469" classname="tr.findlaw.tests.SAP_Scenarios">
    <skipped/>
  </testcase> <!-- SOC_4469 -->
  <testcase name="SOC_4719" classname="tr.findlaw.tests.SAP_Scenarios">
    <skipped/>
  </testcase> <!-- SOC_4719 -->
</testsuite> <!-- tr.findlaw.tests.SAP_Scenarios -->
