<?xml version="1.0" encoding="UTF-8"?>
<!-- Generated by org.testng.reporters.JUnitReportReporter -->
<testsuite skipped="1" hostname="TP4VDITR-TCS019" name="tr.findlaw.tests.Sprint_24" tests="2" failures="0" timestamp="02 May 2018 12:53:40 GMT" time="414.932" errors="0">
  <testcase name="soc_7222" time="414.932" classname="tr.findlaw.tests.Sprint_24"/>
  <testcase name="soc_6882" classname="tr.findlaw.tests.Sprint_24">
    <skipped/>
  </testcase> <!-- soc_6882 -->
</testsuite> <!-- tr.findlaw.tests.Sprint_24 -->
