<?xml version="1.0" encoding="UTF-8"?>
<!-- Generated by org.testng.reporters.JUnitReportReporter -->
<testsuite skipped="13" hostname="TP4VDITR-TCS019" name="tr.findlaw.tests.Sprint_11" tests="13" failures="0" timestamp="30 Apr 2018 07:29:34 GMT" time="0.000" errors="0">
  <testcase name="SOC_4719" time="0.000" classname="tr.findlaw.tests.Sprint_11">
    <skipped/>
  </testcase> <!-- SOC_4719 -->
  <testcase name="soc_4453" time="0.000" classname="tr.findlaw.tests.Sprint_11">
    <skipped/>
  </testcase> <!-- soc_4453 -->
  <testcase name="soc_4116_Firmsite" classname="tr.findlaw.tests.Sprint_11">
    <skipped/>
  </testcase> <!-- soc_4116_Firmsite -->
  <testcase name="soc_5536" classname="tr.findlaw.tests.Sprint_11">
    <skipped/>
  </testcase> <!-- soc_5536 -->
  <testcase name="soc_4469" classname="tr.findlaw.tests.Sprint_11">
    <skipped/>
  </testcase> <!-- soc_4469 -->
  <testcase name="soc_4077" classname="tr.findlaw.tests.Sprint_11">
    <skipped/>
  </testcase> <!-- soc_4077 -->
  <testcase name="soc_4472_New" classname="tr.findlaw.tests.Sprint_11">
    <skipped/>
  </testcase> <!-- soc_4472_New -->
  <testcase name="SOC_5333" classname="tr.findlaw.tests.Sprint_11">
    <skipped/>
  </testcase> <!-- SOC_5333 -->
  <testcase name="soc_5171" classname="tr.findlaw.tests.Sprint_11">
    <skipped/>
  </testcase> <!-- soc_5171 -->
  <testcase name="soc_4116_RenewalOnly" classname="tr.findlaw.tests.Sprint_11">
    <skipped/>
  </testcase> <!-- soc_4116_RenewalOnly -->
  <testcase name="soc_4498" classname="tr.findlaw.tests.Sprint_11">
    <skipped/>
  </testcase> <!-- soc_4498 -->
  <testcase name="soc_1416" classname="tr.findlaw.tests.Sprint_11">
    <skipped/>
  </testcase> <!-- soc_1416 -->
  <testcase name="soc_5387" classname="tr.findlaw.tests.Sprint_11">
    <skipped/>
  </testcase> <!-- soc_5387 -->
</testsuite> <!-- tr.findlaw.tests.Sprint_11 -->
