<?xml version="1.0" encoding="UTF-8"?>
<!-- Generated by org.testng.reporters.JUnitReportReporter -->
<testsuite skipped="0" hostname="TP4VDITR-TCS019" name="tr.findlaw.tests.Sprint_8" tests="2" failures="0" timestamp="02 Apr 2018 14:00:37 GMT" time="2624.926" errors="0">
  <testcase name="soc_4470" time="1059.509" classname="tr.findlaw.tests.Sprint_8"/>
  <testcase name="soc_4993" time="1565.417" classname="tr.findlaw.tests.Sprint_8"/>
</testsuite> <!-- tr.findlaw.tests.Sprint_8 -->
