<?xml version="1.0" encoding="UTF-8"?>
<!-- Generated by org.testng.reporters.JUnitReportReporter -->
<testsuite skipped="11" hostname="TP4VDITR-TCS019" name="tr.findlaw.tests.Sprint_26" tests="12" failures="0" timestamp="07 Jun 2018 12:04:16 GMT" time="215.961" errors="1">
  <testcase name="soc_7472" time="215.961" classname="tr.findlaw.tests.Sprint_26">
    <error type="java.lang.NullPointerException">
      <![CDATA[java.lang.NullPointerException
	at com.framework.reports.ReportBuilder.buildTestNodes(ReportBuilder.java:134)
	at com.framework.reports.ReportBuilder.buildReports(ReportBuilder.java:60)
	at com.framework.test.BaseTest.afterSuite(BaseTest.java:66)
	at sun.reflect.NativeMethodAccessorImpl.invoke0(Native Method)
	at sun.reflect.NativeMethodAccessorImpl.invoke(NativeMethodAccessorImpl.java:62)
	at sun.reflect.DelegatingMethodAccessorImpl.invoke(DelegatingMethodAccessorImpl.java:43)
	at java.lang.reflect.Method.invoke(Method.java:498)
	at org.testng.internal.MethodInvocationHelper.invokeMethod(MethodInvocationHelper.java:108)
	at org.testng.internal.Invoker.invokeConfigurationMethod(Invoker.java:523)
	at org.testng.internal.Invoker.invokeConfigurations(Invoker.java:224)
	at org.testng.internal.Invoker.invokeConfigurations(Invoker.java:146)
	at org.testng.SuiteRunner.privateRun(SuiteRunner.java:350)
	at org.testng.SuiteRunner.run(SuiteRunner.java:289)
	at org.testng.SuiteRunnerWorker.runSuite(SuiteRunnerWorker.java:52)
	at org.testng.SuiteRunnerWorker.run(SuiteRunnerWorker.java:86)
	at org.testng.TestNG.runSuitesSequentially(TestNG.java:1301)
	at org.testng.TestNG.runSuitesLocally(TestNG.java:1226)
	at org.testng.TestNG.runSuites(TestNG.java:1144)
	at org.testng.TestNG.run(TestNG.java:1115)
	at org.testng.remote.AbstractRemoteTestNG.run(AbstractRemoteTestNG.java:114)
	at org.testng.remote.RemoteTestNG.initAndRun(RemoteTestNG.java:251)
	at org.testng.remote.RemoteTestNG.main(RemoteTestNG.java:77)
]]>
    </error>
  </testcase> <!-- soc_7472 -->
  <testcase name="soc_747222" classname="tr.findlaw.tests.Sprint_26">
    <skipped/>
  </testcase> <!-- soc_747222 -->
  <testcase name="soc_4396_Renew" classname="tr.findlaw.tests.Sprint_26">
    <skipped/>
  </testcase> <!-- soc_4396_Renew -->
  <testcase name="soc_4590" classname="tr.findlaw.tests.Sprint_26">
    <skipped/>
  </testcase> <!-- soc_4590 -->
  <testcase name="soc_4557" classname="tr.findlaw.tests.Sprint_26">
    <skipped/>
  </testcase> <!-- soc_4557 -->
  <testcase name="soc_4569" classname="tr.findlaw.tests.Sprint_26">
    <skipped/>
  </testcase> <!-- soc_4569 -->
  <testcase name="soc_6770_Exist" classname="tr.findlaw.tests.Sprint_26">
    <skipped/>
  </testcase> <!-- soc_6770_Exist -->
  <testcase name="soc_7334" classname="tr.findlaw.tests.Sprint_26">
    <skipped/>
  </testcase> <!-- soc_7334 -->
  <testcase name="soc_7586" classname="tr.findlaw.tests.Sprint_26">
    <skipped/>
  </testcase> <!-- soc_7586 -->
  <testcase name="soc_6770" classname="tr.findlaw.tests.Sprint_26">
    <skipped/>
  </testcase> <!-- soc_6770 -->
  <testcase name="soc_4512_Renew" classname="tr.findlaw.tests.Sprint_26">
    <skipped/>
  </testcase> <!-- soc_4512_Renew -->
  <testcase name="soc_4512_New" classname="tr.findlaw.tests.Sprint_26">
    <skipped/>
  </testcase> <!-- soc_4512_New -->
</testsuite> <!-- tr.findlaw.tests.Sprint_26 -->
